<?xml version="1.0" encoding="UTF-8"?>
<testsuite xmlns:xsi="http://www.w3.org/2001/XMLSchema-instance" xsi:noNamespaceSchemaLocation="https://maven.apache.org/surefire/maven-surefire-plugin/xsd/surefire-test-report.xsd" name="nz.ac.auckland.se281.MainTest" time="0.262" tests="64" errors="0" skipped="0" failures="0">
  <properties>
[...]
</properties>
  <testcase name="T1_B_antisymmetry" classname="nz.ac.auckland.se281.MainTest$Task1" time="0.033"/>
  <testcase name="T1_C_reflexivity" classname="nz.ac.auckland.se281.MainTest$Task1" time="0.002"/>
  <testcase name="T1_C_roots" classname="nz.ac.auckland.se281.MainTest$Task1" time="0.002"/>
  <testcase name="T1_B_reflexivity" classname="nz.ac.auckland.se281.MainTest$Task1" time="0.004"/>
  <testcase name="T1_B_equivalence_class_1" classname="nz.ac.auckland.se281.MainTest$Task1" time="0.006"/>
  <testcase name="T1_A_antisymmetry" classname="nz.ac.auckland.se281.MainTest$Task1" time="0.027"/>
  <testcase name="T1_C_equivalence_class_0" classname="nz.ac.auckland.se281.MainTest$Task1" time="0.003"/>
  <testcase name="T1_C_equivalence_class_1" classname="nz.ac.auckland.se281.MainTest$Task1" time="0.003"/>
  <testcase name="T1_A_reflexivity" classname="nz.ac.auckland.se281.MainTest$Task1" time="0.003"/>
  <testcase name="T1_C_transitivity" classname="nz.ac.auckland.se281.MainTest$Task1" time="0.002"/>
  <testcase name="T1_B_transitivity" classname="nz.ac.auckland.se281.MainTest$Task1" time="0.001"/>
  <testcase name="T1_A_transitivity" classname="nz.ac.auckland.se281.MainTest$Task1" time="0.004"/>
  <testcase name="T1_A_roots" classname="nz.ac.auckland.se281.MainTest$Task1" time="0.003"/>
  <testcase name="T1_C_equivalence" classname="nz.ac.auckland.se281.MainTest$Task1" time="0.003"/>
  <testcase name="T1_C_symmetry" classname="nz.ac.auckland.se281.MainTest$Task1" time="0.002"/>
  <testcase name="T1_B_equivalence" classname="nz.ac.auckland.se281.MainTest$Task1" time="0.001"/>
  <testcase name="T1_B_roots" classname="nz.ac.auckland.se281.MainTest$Task1" time="0.004"/>
  <testcase name="T1_B_symmetry" classname="nz.ac.auckland.se281.MainTest$Task1" time="0.005"/>
  <testcase name="T1_C_antisymmetry" classname="nz.ac.auckland.se281.MainTest$Task1" time="0.002"/>
  <testcase name="T1_A_equivalence" classname="nz.ac.auckland.se281.MainTest$Task1" time="0.002"/>
  <testcase name="T1_A_symmetry" classname="nz.ac.auckland.se281.MainTest$Task1" time="0.003"/>
  <testcase name="T2_B_iterative_BFS" classname="nz.ac.auckland.se281.MainTest$Task2" time="0.003"/>
  <testcase name="T2_B_iterative_DFS" classname="nz.ac.auckland.se281.MainTest$Task2" time="0.006"/>
  <testcase name="T2_C_iterative_BFS" classname="nz.ac.auckland.se281.MainTest$Task2" time="0.007"/>
  <testcase name="T2_C_iterative_DFS" classname="nz.ac.auckland.se281.MainTest$Task2" time="0.002"/>
  <testcase name="T2_A_iterative_BFS" classname="nz.ac.auckland.se281.MainTest$Task2" time="0.002"/>
  <testcase name="T2_A_iterative_DFS" classname="nz.ac.auckland.se281.MainTest$Task2" time="0.001"/>
  <testcase name="T3_A_recursive_BFS" classname="nz.ac.auckland.se281.MainTest$Task3" time="0.002"/>
  <testcase name="T3_A_recursive_DFS" classname="nz.ac.auckland.se281.MainTest$Task3" time="0.001"/>
  <testcase name="T3_B_recursive_BFS" classname="nz.ac.auckland.se281.MainTest$Task3" time="0.001"/>
  <testcase name="T3_B_recursive_DFS" classname="nz.ac.auckland.se281.MainTest$Task3" time="0.003"/>
  <testcase name="T3_C_recursive_BFS" classname="nz.ac.auckland.se281.MainTest$Task3" time="0.001"/>
  <testcase name="T3_C_recursive_DFS" classname="nz.ac.auckland.se281.MainTest$Task3" time="0.002"/>
  <testcase name="TY_03_I_RBFS" classname="nz.ac.auckland.se281.MainTest$YourTests" time="0.003"/>
  <testcase name="TY_02_G_iterative_DFS" classname="nz.ac.auckland.se281.MainTest$YourTests" time="0.002"/>
  <testcase name="TY_01_H_iterative_BFS" classname="nz.ac.auckland.se281.MainTest$YourTests" time="0.002"/>
  <testcase name="TY_04_H_recursive_DFS" classname="nz.ac.auckland.se281.MainTest$YourTests" time="0.003"/>
  <testcase name="TJ_D_transitivity" classname="nz.ac.auckland.se281.MainTest$YourTests" time="0.002"/>
  <testcase name="T1_w_equivalence" classname="nz.ac.auckland.se281.MainTest$YourTests" time="0.001"/>
  <testcase name="TY_E_transitivity" classname="nz.ac.auckland.se281.MainTest$YourTests" time="0.002"/>
  <testcase name="TY_04_I_IDFS" classname="nz.ac.auckland.se281.MainTest$YourTests" time="0.002"/>
  <testcase name="TY_02_H_iterative_DFS" classname="nz.ac.auckland.se281.MainTest$YourTests" time="0.002"/>
  <testcase name="TJ_D_equivalence" classname="nz.ac.auckland.se281.MainTest$YourTests" time="0.002"/>
  <testcase name="TY_03_G_recursive_BFS" classname="nz.ac.auckland.se281.MainTest$YourTests" time="0.002"/>
  <testcase name="TJ_D_symmetry" classname="nz.ac.auckland.se281.MainTest$YourTests" time="0.001"/>
  <testcase name="T2_w_iterative_BFS" classname="nz.ac.auckland.se281.MainTest$YourTests" time="0.003"/>
  <testcase name="T2_w_iterative_DFS" classname="nz.ac.auckland.se281.MainTest$YourTests" time="0.003"/>
  <testcase name="TY_E_roots" classname="nz.ac.auckland.se281.MainTest$YourTests" time="0.013"/>
  <testcase name="TY_02_I_IBFS" classname="nz.ac.auckland.se281.MainTest$YourTests" time="0.004"/>
  <testcase name="TY_E_equivalence" classname="nz.ac.auckland.se281.MainTest$YourTests" time="0.003"/>
  <testcase name="T2_w_recursive_BFS" classname="nz.ac.auckland.se281.MainTest$YourTests" time="0.003"/>
  <testcase name="T2_w_recursive_DFS" classname="nz.ac.auckland.se281.MainTest$YourTests" time="0.002"/>
  <testcase name="TJ_D_roots" classname="nz.ac.auckland.se281.MainTest$YourTests" time="0.002"/>
  <testcase name="TJ_D_reflexivity" classname="nz.ac.auckland.se281.MainTest$YourTests" time="0.001"/>
  <testcase name="T1_w_antisymmetry" classname="nz.ac.auckland.se281.MainTest$YourTests" time="0.001"/>
  <testcase name="TY_01_G_iterative_BFS" classname="nz.ac.auckland.se281.MainTest$YourTests" time="0.001"/>
  <testcase name="T1_w_roots" classname="nz.ac.auckland.se281.MainTest$YourTests" time="0.004"/>
  <testcase name="TJ_D_antisymmetry" classname="nz.ac.auckland.se281.MainTest$YourTests" time="0.006"/>
  <testcase name="TY_04_G_recursive_DFS" classname="nz.ac.auckland.se281.MainTest$YourTests" time="0.002"/>
  <testcase name="TY_03_H_recursive_BFS" classname="nz.ac.auckland.se281.MainTest$YourTests" time="0.004"/>
  <testcase name="TY_E_equivalence_class_0" classname="nz.ac.auckland.se281.MainTest$YourTests" time="0.009"/>
  <testcase name="TY_E_antisymmetry" classname="nz.ac.auckland.se281.MainTest$YourTests" time="0.003"/>
  <testcase name="TY_E_symmetry" classname="nz.ac.auckland.se281.MainTest$YourTests" time="0.001"/>
  <testcase name="TY_E_reflexivity" classname="nz.ac.auckland.se281.MainTest$YourTests" time="0.001"/>
</testsuite>